[4.278s] DEBUG:colcon:Command line arguments: ['/usr/bin/colcon', 'build']
[4.278s] DEBUG:colcon:Parsed command line arguments: Namespace(log_base=None, log_level=None, verb_name='build', build_base='build', install_base='install', merge_install=False, symlink_install=False, test_result_base=None, continue_on_error=False, executor='parallel', parallel_workers=12, event_handlers=None, ignore_user_meta=False, metas=['./colcon.meta'], base_paths=['.'], packages_ignore=None, packages_ignore_regex=None, paths=None, packages_up_to=None, packages_up_to_regex=None, packages_above=None, packages_above_and_dependencies=None, packages_above_depth=None, packages_select_by_dep=None, packages_skip_by_dep=None, packages_skip_up_to=None, packages_select_build_failed=False, packages_skip_build_finished=False, packages_select_test_failures=False, packages_skip_test_passed=False, packages_select=None, packages_skip=None, packages_select_regex=None, packages_skip_regex=None, packages_start=None, packages_end=None, allow_overriding=[], cmake_args=None, cmake_target=None, cmake_target_skip_unavailable=False, cmake_clean_cache=False, cmake_clean_first=False, cmake_force_configure=False, ament_cmake_args=None, catkin_cmake_args=None, catkin_skip_building_tests=False, mixin_files=None, mixin=None, verb_parser=<colcon_mixin.mixin.mixin_argument.MixinArgumentDecorator object at 0x7d1785f5b1f0>, verb_extension=<colcon_core.verb.build.BuildVerb object at 0x7d1785f5ac20>, main=<bound method BuildVerb.main of <colcon_core.verb.build.BuildVerb object at 0x7d1785f5ac20>>, mixin_verb=('build',))
[9.245s] Level 1:colcon.colcon_core.package_discovery:discover_packages(colcon_meta) check parameters
[9.246s] Level 1:colcon.colcon_core.package_discovery:discover_packages(recursive) check parameters
[9.246s] Level 1:colcon.colcon_core.package_discovery:discover_packages(ignore) check parameters
[9.246s] Level 1:colcon.colcon_core.package_discovery:discover_packages(path) check parameters
[9.246s] Level 1:colcon.colcon_core.package_discovery:discover_packages(colcon_meta) discover
[9.246s] Level 1:colcon.colcon_core.package_discovery:discover_packages(recursive) discover
[9.246s] INFO:colcon.colcon_core.package_discovery:Crawling recursively for packages in '/home/rahul/nav_pcl_ws'
[9.246s] Level 1:colcon.colcon_core.package_identification:_identify(.) by extensions ['ignore', 'ignore_ament_install']
[9.246s] Level 1:colcon.colcon_core.package_identification:_identify(.) by extension 'ignore'
[9.247s] Level 1:colcon.colcon_core.package_identification:_identify(.) by extension 'ignore_ament_install'
[9.247s] Level 1:colcon.colcon_core.package_identification:_identify(.) by extensions ['colcon_pkg']
[9.247s] Level 1:colcon.colcon_core.package_identification:_identify(.) by extension 'colcon_pkg'
[9.247s] Level 1:colcon.colcon_core.package_identification:_identify(.) by extensions ['colcon_meta']
[9.247s] Level 1:colcon.colcon_core.package_identification:_identify(.) by extension 'colcon_meta'
[9.247s] Level 1:colcon.colcon_core.package_identification:_identify(.) by extensions ['ros']
[9.247s] Level 1:colcon.colcon_core.package_identification:_identify(.) by extension 'ros'
[9.314s] Level 1:colcon.colcon_core.package_identification:_identify(.) by extensions ['cmake', 'python']
[9.315s] Level 1:colcon.colcon_core.package_identification:_identify(.) by extension 'cmake'
[9.315s] Level 1:colcon.colcon_core.package_identification:_identify(.) by extension 'python'
[9.315s] Level 1:colcon.colcon_core.package_identification:_identify(.) by extensions ['python_setup_py']
[9.315s] Level 1:colcon.colcon_core.package_identification:_identify(.) by extension 'python_setup_py'
[9.315s] Level 1:colcon.colcon_core.package_identification:_identify(build) by extensions ['ignore', 'ignore_ament_install']
[9.315s] Level 1:colcon.colcon_core.package_identification:_identify(build) by extension 'ignore'
[9.315s] Level 1:colcon.colcon_core.package_identification:_identify(build) ignored
[9.316s] Level 1:colcon.colcon_core.package_identification:_identify(install) by extensions ['ignore', 'ignore_ament_install']
[9.316s] Level 1:colcon.colcon_core.package_identification:_identify(install) by extension 'ignore'
[9.316s] Level 1:colcon.colcon_core.package_identification:_identify(install) ignored
[9.316s] Level 1:colcon.colcon_core.package_identification:_identify(log) by extensions ['ignore', 'ignore_ament_install']
[9.316s] Level 1:colcon.colcon_core.package_identification:_identify(log) by extension 'ignore'
[9.316s] Level 1:colcon.colcon_core.package_identification:_identify(log) ignored
[9.316s] Level 1:colcon.colcon_core.package_identification:_identify(src) by extensions ['ignore', 'ignore_ament_install']
[9.316s] Level 1:colcon.colcon_core.package_identification:_identify(src) by extension 'ignore'
[9.316s] Level 1:colcon.colcon_core.package_identification:_identify(src) by extension 'ignore_ament_install'
[9.316s] Level 1:colcon.colcon_core.package_identification:_identify(src) by extensions ['colcon_pkg']
[9.316s] Level 1:colcon.colcon_core.package_identification:_identify(src) by extension 'colcon_pkg'
[9.316s] Level 1:colcon.colcon_core.package_identification:_identify(src) by extensions ['colcon_meta']
[9.316s] Level 1:colcon.colcon_core.package_identification:_identify(src) by extension 'colcon_meta'
[9.316s] Level 1:colcon.colcon_core.package_identification:_identify(src) by extensions ['ros']
[9.316s] Level 1:colcon.colcon_core.package_identification:_identify(src) by extension 'ros'
[9.316s] Level 1:colcon.colcon_core.package_identification:_identify(src) by extensions ['cmake', 'python']
[9.316s] Level 1:colcon.colcon_core.package_identification:_identify(src) by extension 'cmake'
[9.316s] Level 1:colcon.colcon_core.package_identification:_identify(src) by extension 'python'
[9.316s] Level 1:colcon.colcon_core.package_identification:_identify(src) by extensions ['python_setup_py']
[9.316s] Level 1:colcon.colcon_core.package_identification:_identify(src) by extension 'python_setup_py'
[9.316s] Level 1:colcon.colcon_core.package_discovery:discover_packages(recursive) using defaults
[9.316s] Level 1:colcon.colcon_core.package_discovery:discover_packages(ignore) discover
[9.316s] Level 1:colcon.colcon_core.package_discovery:discover_packages(ignore) using defaults
[9.316s] Level 1:colcon.colcon_core.package_discovery:discover_packages(path) discover
[9.317s] Level 1:colcon.colcon_core.package_discovery:discover_packages(path) using defaults
[9.618s] Level 1:colcon.colcon_core.package_discovery:discover_packages(prefix_path) check parameters
[9.618s] Level 1:colcon.colcon_core.package_discovery:discover_packages(prefix_path) discover
[9.647s] DEBUG:colcon.colcon_installed_package_information.package_discovery:Found 418 installed packages in /opt/ros/iron
[9.654s] Level 1:colcon.colcon_core.package_discovery:discover_packages(prefix_path) using defaults
[9.744s] INFO:colcon.colcon_core.executor:Executing jobs using 'parallel' executor
[9.745s] DEBUG:colcon.colcon_parallel_executor.executor.parallel:run_until_complete
[9.745s] DEBUG:colcon.colcon_parallel_executor.executor.parallel:closing loop
[9.746s] DEBUG:colcon.colcon_parallel_executor.executor.parallel:loop closed
[9.746s] DEBUG:colcon.colcon_parallel_executor.executor.parallel:run_until_complete finished with '0'
[9.746s] DEBUG:colcon.colcon_core.event_reactor:joining thread
[9.786s] INFO:colcon.colcon_core.plugin_system:Skipping extension 'colcon_notification.desktop_notification.terminal_notifier': Not used on non-Darwin systems
[9.787s] INFO:colcon.colcon_core.plugin_system:Skipping extension 'colcon_notification.desktop_notification.win32': Not used on non-Windows systems
[9.787s] INFO:colcon.colcon_notification.desktop_notification:Sending desktop notification using 'notify2'
[9.813s] DEBUG:colcon.colcon_core.event_reactor:joined thread
[9.888s] INFO:colcon.colcon_core.plugin_system:Skipping extension 'colcon_core.shell.bat': Not used on non-Windows systems
[9.888s] INFO:colcon.colcon_core.shell:Creating prefix script '/home/rahul/nav_pcl_ws/install/local_setup.ps1'
[9.894s] INFO:colcon.colcon_core.shell:Creating prefix util module '/home/rahul/nav_pcl_ws/install/_local_setup_util_ps1.py'
[9.910s] INFO:colcon.colcon_core.shell:Creating prefix chain script '/home/rahul/nav_pcl_ws/install/setup.ps1'
[9.912s] INFO:colcon.colcon_core.shell:Creating prefix script '/home/rahul/nav_pcl_ws/install/local_setup.sh'
[9.924s] INFO:colcon.colcon_core.shell:Creating prefix util module '/home/rahul/nav_pcl_ws/install/_local_setup_util_sh.py'
[9.925s] INFO:colcon.colcon_core.shell:Creating prefix chain script '/home/rahul/nav_pcl_ws/install/setup.sh'
[9.927s] INFO:colcon.colcon_core.shell:Creating prefix script '/home/rahul/nav_pcl_ws/install/local_setup.bash'
[9.940s] INFO:colcon.colcon_core.shell:Creating prefix chain script '/home/rahul/nav_pcl_ws/install/setup.bash'
[9.943s] INFO:colcon.colcon_core.shell:Creating prefix script '/home/rahul/nav_pcl_ws/install/local_setup.zsh'
[9.955s] INFO:colcon.colcon_core.shell:Creating prefix chain script '/home/rahul/nav_pcl_ws/install/setup.zsh'
